[debug] [2020-11-23T13:17:02.765Z] ----------------------------------------------------------------------
[debug] [2020-11-23T13:17:02.769Z] Command:       C:\Program Files\nodejs\node.exe C:\Users\user\AppData\Roaming\npm\node_modules\firebase-tools\lib\bin\firebase.js init
[debug] [2020-11-23T13:17:02.770Z] CLI Version:   8.12.1
[debug] [2020-11-23T13:17:02.770Z] Platform:      win32
[debug] [2020-11-23T13:17:02.770Z] Node Version:  v14.13.0
[debug] [2020-11-23T13:17:02.774Z] Time:          Mon Nov 23 2020 16:17:02 GMT+0300 (East Africa Time)
[debug] [2020-11-23T13:17:02.774Z] ----------------------------------------------------------------------
[debug] [2020-11-23T13:17:02.774Z] 
[debug] [2020-11-23T13:17:02.853Z] > command requires scopes: ["email","openid","https://www.googleapis.com/auth/cloudplatformprojects.readonly","https://www.googleapis.com/auth/firebase","https://www.googleapis.com/auth/cloud-platform"]
[debug] [2020-11-23T13:17:02.854Z] > authorizing via signed-in user
[info] 
     ######## #### ########  ######## ########     ###     ######  ########
     ##        ##  ##     ## ##       ##     ##  ##   ##  ##       ##
     ######    ##  ########  ######   ########  #########  ######  ######
     ##        ##  ##    ##  ##       ##     ## ##     ##       ## ##
     ##       #### ##     ## ######## ########  ##     ##  ######  ########

You're about to initialize a Firebase project in this directory:

  D:\projects\NGO-site

[debug] [2020-11-23T13:19:56.967Z] ----------------------------------------------------------------------
[debug] [2020-11-23T13:19:56.972Z] Command:       C:\Program Files\nodejs\node.exe C:\Users\user\AppData\Roaming\npm\node_modules\firebase-tools\lib\bin\firebase.js init
[debug] [2020-11-23T13:19:56.973Z] CLI Version:   8.12.1
[debug] [2020-11-23T13:19:56.973Z] Platform:      win32
[debug] [2020-11-23T13:19:56.974Z] Node Version:  v14.13.0
[debug] [2020-11-23T13:19:56.977Z] Time:          Mon Nov 23 2020 16:19:56 GMT+0300 (East Africa Time)
[debug] [2020-11-23T13:19:56.977Z] ----------------------------------------------------------------------
[debug] [2020-11-23T13:19:56.977Z] 
[debug] [2020-11-23T13:19:56.989Z] > command requires scopes: ["email","openid","https://www.googleapis.com/auth/cloudplatformprojects.readonly","https://www.googleapis.com/auth/firebase","https://www.googleapis.com/auth/cloud-platform"]
[debug] [2020-11-23T13:19:56.990Z] > authorizing via signed-in user
[info] 
     ######## #### ########  ######## ########     ###     ######  ########
     ##        ##  ##     ## ##       ##     ##  ##   ##  ##       ##
     ######    ##  ########  ######   ########  #########  ######  ######
     ##        ##  ##    ##  ##       ##     ## ##     ##       ## ##
     ##       #### ##     ## ######## ########  ##     ##  ######  ########

You're about to initialize a Firebase project in this directory:

  D:\PROJECTS\NGO-site

[info] 
=== Project Setup
[info] 
[info] First, let's associate this project directory with a Firebase project.
[info] You can create multiple project aliases by running firebase use --add, 
[info] but for now we'll just set up a default project.
[info] 
